2024-07-04 11:31:16 DEBUG TestNG:82 - suiteXmlPath: "D:\Java\WorkSpace\OpencartV1\master.xml"
2024-07-04 11:31:23 INFO  TC001_AccountRegistrationTest:15 - ***Starting TC001_AccountRegistrationTest***
2024-07-04 11:31:23 INFO  TC001_AccountRegistrationTest:21 - Clicked on My Account link
2024-07-04 11:31:24 INFO  TC001_AccountRegistrationTest:24 - Clicked on Register link
2024-07-04 11:31:24 INFO  TC001_AccountRegistrationTest:28 - Providing customer details...
2024-07-04 11:31:25 INFO  TC001_AccountRegistrationTest:42 - Validating expected message
2024-07-04 11:31:25 INFO  TC001_AccountRegistrationTest:62 - ***Finished TC001_AccountRegistrationTest***
2024-07-04 11:31:28 INFO  TC002_LoginTest:16 - ***Starting TC002_LoginTest***
2024-07-04 11:31:29 INFO  TC002_LoginTest:42 - *** Finished TC002_LoginTest***
2024-07-04 12:56:41 DEBUG TestNG:82 - suiteXmlPath: "D:\Java\WorkSpace\OpencartV1\master.xml"
2024-07-04 12:56:47 INFO  TC001_AccountRegistrationTest:15 - ***Starting TC001_AccountRegistrationTest***
2024-07-04 12:56:47 INFO  TC001_AccountRegistrationTest:21 - Clicked on My Account link
2024-07-04 12:56:47 INFO  TC001_AccountRegistrationTest:24 - Clicked on Register link
2024-07-04 12:56:47 INFO  TC001_AccountRegistrationTest:28 - Providing customer details...
2024-07-04 12:56:48 INFO  TC001_AccountRegistrationTest:42 - Validating expected message
2024-07-04 12:56:48 INFO  TC001_AccountRegistrationTest:62 - ***Finished TC001_AccountRegistrationTest***
2024-07-04 12:56:52 INFO  TC002_LoginTest:16 - ***Starting TC002_LoginTest***
2024-07-04 12:56:53 INFO  TC002_LoginTest:42 - *** Finished TC002_LoginTest***
2024-07-04 13:31:59 DEBUG TestNG:82 - suiteXmlPath: "D:\Java\WorkSpace\OpencartV1\master.xml"
2024-07-04 13:32:05 INFO  TC001_AccountRegistrationTest:15 - ***Starting TC001_AccountRegistrationTest***
2024-07-04 13:32:05 INFO  TC001_AccountRegistrationTest:21 - Clicked on My Account link
2024-07-04 13:32:05 INFO  TC001_AccountRegistrationTest:24 - Clicked on Register link
2024-07-04 13:32:05 INFO  TC001_AccountRegistrationTest:28 - Providing customer details...
2024-07-04 13:32:06 INFO  TC001_AccountRegistrationTest:42 - Validating expected message
2024-07-04 13:32:06 INFO  TC001_AccountRegistrationTest:62 - ***Finished TC001_AccountRegistrationTest***
2024-07-04 13:32:10 INFO  TC002_LoginTest:16 - ***Starting TC002_LoginTest***
2024-07-04 13:32:11 INFO  TC002_LoginTest:42 - *** Finished TC002_LoginTest***
